  main.cpp
c:\users\s199010\source\repos\introtocpp\varsandops\2-variables\2-variables\main.cpp(37): warning C4244: '=': conversion from 'double' to 'float', possible loss of data
c:\users\s199010\source\repos\introtocpp\varsandops\2-variables\2-variables\main.cpp(60): warning C4101: 'num_eight': unreferenced local variable
c:\users\s199010\source\repos\introtocpp\varsandops\2-variables\2-variables\main.cpp(60): warning C4101: 'num_three': unreferenced local variable
c:\users\s199010\source\repos\introtocpp\varsandops\2-variables\2-variables\main.cpp(55): warning C4101: 'shield_value': unreferenced local variable
c:\users\s199010\source\repos\introtocpp\varsandops\2-variables\2-variables\main.cpp(56): warning C4101: 'defense_matrixCooldown': unreferenced local variable
c:\users\s199010\source\repos\introtocpp\varsandops\2-variables\2-variables\main.cpp(54): warning C4101: 'qty': unreferenced local variable
c:\users\s199010\source\repos\introtocpp\varsandops\2-variables\2-variables\main.cpp(60): warning C4101: 'num_seven': unreferenced local variable
c:\users\s199010\source\repos\introtocpp\varsandops\2-variables\2-variables\main.cpp(60): warning C4101: 'num_ten': unreferenced local variable
c:\users\s199010\source\repos\introtocpp\varsandops\2-variables\2-variables\main.cpp(57): warning C4101: 'red_armor_value': unreferenced local variable
c:\users\s199010\source\repos\introtocpp\varsandops\2-variables\2-variables\main.cpp(60): warning C4101: 'num_two': unreferenced local variable
c:\users\s199010\source\repos\introtocpp\varsandops\2-variables\2-variables\main.cpp(60): warning C4101: 'gandhi_aggression': unreferenced local variable
c:\users\s199010\source\repos\introtocpp\varsandops\2-variables\2-variables\main.cpp(53): warning C4101: 'dog_years': unreferenced local variable
c:\users\s199010\source\repos\introtocpp\varsandops\2-variables\2-variables\main.cpp(59): warning C4101: 'happiness': unreferenced local variable
c:\users\s199010\source\repos\introtocpp\varsandops\2-variables\2-variables\main.cpp(60): warning C4101: 'num_nine': unreferenced local variable
c:\users\s199010\source\repos\introtocpp\varsandops\2-variables\2-variables\main.cpp(60): warning C4101: 'num_six': unreferenced local variable
c:\users\s199010\source\repos\introtocpp\varsandops\2-variables\2-variables\main.cpp(60): warning C4101: 'num_four': unreferenced local variable
c:\users\s199010\source\repos\introtocpp\varsandops\2-variables\2-variables\main.cpp(52): warning C4101: 'bullet_count': unreferenced local variable
c:\users\s199010\source\repos\introtocpp\varsandops\2-variables\2-variables\main.cpp(51): warning C4101: 'different_age': unreferenced local variable
c:\users\s199010\source\repos\introtocpp\varsandops\2-variables\2-variables\main.cpp(58): warning C4101: 'red_armorRatio': unreferenced local variable
c:\users\s199010\source\repos\introtocpp\varsandops\2-variables\2-variables\main.cpp(60): warning C4101: 'num': unreferenced local variable
c:\users\s199010\source\repos\introtocpp\varsandops\2-variables\2-variables\main.cpp(60): warning C4101: 'num_five': unreferenced local variable
  2-Variables.vcxproj -> C:\Users\s199010\source\repos\IntroToCpp\VarsAndOps\2-Variables\Debug\2-Variables.exe
